0 info it worked if it ends with ok
1 verbose cli [ '/usr/local/Cellar/node/6.6.0/bin/node',
1 verbose cli   '/usr/local/bin/npm',
1 verbose cli   'run',
1 verbose cli   'test' ]
2 info using npm@3.10.7
3 info using node@v6.6.0
4 verbose run-script [ 'pretest', 'test', 'posttest' ]
5 info lifecycle crumbles@3.0.7~pretest: crumbles@3.0.7
6 silly lifecycle crumbles@3.0.7~pretest: no script for pretest, continuing
7 info lifecycle crumbles@3.0.7~test: crumbles@3.0.7
8 verbose lifecycle crumbles@3.0.7~test: unsafe-perm in lifecycle true
9 verbose lifecycle crumbles@3.0.7~test: PATH: /usr/local/lib/node_modules/npm/bin/node-gyp-bin:/Users/ajm/Desktop/scratch/snackpack2/node_modules/.bin:/usr/local/Cellar/node/6.6.0/bin:/Applications/Postgres.app/Contents/Versions/9.4/bin:/Users/ajm/Dropbox/dotfiles/bin:/Users/ajm/.rbenv/shims:/Users/ajm/.yarn/bin:/usr/local/bin:/usr/bin:/bin:/usr/sbin:/sbin:/opt/X11/bin:/usr/local/MacGPG2/bin:/Library/TeX/texbin
10 verbose lifecycle crumbles@3.0.7~test: CWD: /Users/ajm/Desktop/scratch/snackpack2
11 silly lifecycle crumbles@3.0.7~test: Args: [ '-c', 'node ./node_modules/.bin/snackstack test' ]
12 silly lifecycle crumbles@3.0.7~test: Returned: code: 1  signal: null
13 info lifecycle crumbles@3.0.7~test: Failed to exec test script
14 verbose stack Error: crumbles@3.0.7 test: `node ./node_modules/.bin/snackstack test`
14 verbose stack Exit status 1
14 verbose stack     at EventEmitter.<anonymous> (/usr/local/lib/node_modules/npm/lib/utils/lifecycle.js:255:16)
14 verbose stack     at emitTwo (events.js:106:13)
14 verbose stack     at EventEmitter.emit (events.js:191:7)
14 verbose stack     at ChildProcess.<anonymous> (/usr/local/lib/node_modules/npm/lib/utils/spawn.js:40:14)
14 verbose stack     at emitTwo (events.js:106:13)
14 verbose stack     at ChildProcess.emit (events.js:191:7)
14 verbose stack     at maybeClose (internal/child_process.js:877:16)
14 verbose stack     at Process.ChildProcess._handle.onexit (internal/child_process.js:226:5)
15 verbose pkgid crumbles@3.0.7
16 verbose cwd /Users/ajm/Desktop/scratch/snackpack2
17 error Darwin 15.6.0
18 error argv "/usr/local/Cellar/node/6.6.0/bin/node" "/usr/local/bin/npm" "run" "test"
19 error node v6.6.0
20 error npm  v3.10.7
21 error code ELIFECYCLE
22 error crumbles@3.0.7 test: `node ./node_modules/.bin/snackstack test`
22 error Exit status 1
23 error Failed at the crumbles@3.0.7 test script 'node ./node_modules/.bin/snackstack test'.
23 error Make sure you have the latest version of node.js and npm installed.
23 error If you do, this is most likely a problem with the crumbles package,
23 error not with npm itself.
23 error Tell the author that this fails on your system:
23 error     node ./node_modules/.bin/snackstack test
23 error You can get information on how to open an issue for this project with:
23 error     npm bugs crumbles
23 error Or if that isn't available, you can get their info via:
23 error     npm owner ls crumbles
23 error There is likely additional logging output above.
24 verbose exit [ 1, true ]
